#
# There is insufficient memory for the Java Runtime Environment to continue.
# Native memory allocation (mmap) failed to map 87031808 bytes for committing reserved memory.
# Possible reasons:
#   The system is out of physical RAM or swap space
#   In 32 bit mode, the process size limit was hit
# Possible solutions:
#   Reduce memory load on the system
#   Increase physical memory or swap space
#   Check if swap backing store is full
#   Use 64 bit Java on a 64 bit OS
#   Decrease Java heap size (-Xmx/-Xms)
#   Decrease number of Java threads
#   Decrease Java thread stack sizes (-Xss)
#   Set larger code cache with -XX:ReservedCodeCacheSize=
# This output file may be truncated or incomplete.
#
#  Out of Memory Error (os_linux.cpp:2627), pid=28420, tid=0x00007f77c4d40700
#
# JRE version:  (8.0_111-b14) (build )
# Java VM: Java HotSpot(TM) 64-Bit Server VM (25.111-b14 mixed mode linux-amd64 compressed oops)
# Failed to write core dump. Core dumps have been disabled. To enable core dumping, try "ulimit -c unlimited" before starting Java again
#

---------------  T H R E A D  ---------------

Current thread (0x00007f77bc00a800):  JavaThread "Unknown thread" [_thread_in_vm, id=28428, stack(0x00007f77c4c40000,0x00007f77c4d41000)]

Stack: [0x00007f77c4c40000,0x00007f77c4d41000],  sp=0x00007f77c4d3f3c0,  free space=1020k
Native frames: (J=compiled Java code, j=interpreted, Vv=VM code, C=native code)
V  [libjvm.so+0xac5c2a]  VMError::report_and_die()+0x2ba
V  [libjvm.so+0x4fc50b]  report_vm_out_of_memory(char const*, int, unsigned long, VMErrorType, char const*)+0x8b
V  [libjvm.so+0x922ae3]  os::Linux::commit_memory_impl(char*, unsigned long, bool)+0x103
V  [libjvm.so+0x923039]  os::pd_commit_memory(char*, unsigned long, unsigned long, bool)+0x29
V  [libjvm.so+0x91d33a]  os::commit_memory(char*, unsigned long, unsigned long, bool)+0x2a
V  [libjvm.so+0x991ac3]  PSVirtualSpace::expand_by(unsigned long)+0x53
V  [libjvm.so+0x981bd7]  PSOldGen::initialize(ReservedSpace, unsigned long, char const*, int)+0xb7
V  [libjvm.so+0x2d88ea]  AdjoiningGenerations::AdjoiningGenerations(ReservedSpace, GenerationSizer*, unsigned long)+0x39a
V  [libjvm.so+0x945e96]  ParallelScavengeHeap::initialize()+0x1d6
V  [libjvm.so+0xa8dd53]  Universe::initialize_heap()+0xf3
V  [libjvm.so+0xa8e2be]  universe_init()+0x3e
V  [libjvm.so+0x63c925]  init_globals()+0x65
V  [libjvm.so+0xa719be]  Threads::create_vm(JavaVMInitArgs*, bool*)+0x23e
V  [libjvm.so+0x6d11c4]  JNI_CreateJavaVM+0x74
C  [libjli.so+0x745e]  JavaMain+0x9e
C  [libpthread.so.0+0x76ba]  start_thread+0xca


---------------  P R O C E S S  ---------------

Java Threads: ( => current thread )

Other Threads:

=>0x00007f77bc00a800 (exited) JavaThread "Unknown thread" [_thread_in_vm, id=28428, stack(0x00007f77c4c40000,0x00007f77c4d41000)]

VM state:not at safepoint (not fully initialized)

VM Mutex/Monitor currently owned by a thread: None

GC Heap History (0 events):
No events

Deoptimization events (0 events):
No events

Internal exceptions (0 events):
No events

Events (0 events):
No events


Dynamic libraries:
00400000-00401000 r-xp 00000000 08:02 1723339                            /usr/lib/jvm/java-8-oracle/bin/java
00600000-00601000 rw-p 00000000 08:02 1723339                            /usr/lib/jvm/java-8-oracle/bin/java
020ee000-0210f000 rw-p 00000000 00:00 0                                  [heap]
8ab00000-d7300000 ---p 00000000 00:00 0 
d7300000-d9c00000 rw-p 00000000 00:00 0 
d9c00000-100000000 ---p 00000000 00:00 0 
7f77ad000000-7f77ad270000 rwxp 00000000 00:00 0 
7f77ad270000-7f77bc000000 ---p 00000000 00:00 0 
7f77bc000000-7f77bc035000 rw-p 00000000 00:00 0 
7f77bc035000-7f77c0000000 ---p 00000000 00:00 0 
7f77c0989000-7f77c0c10000 rw-p 00000000 00:00 0 
7f77c0c10000-7f77c0e9d000 ---p 00000000 00:00 0 
7f77c0e9d000-7f77c0eb2000 rw-p 00000000 00:00 0 
7f77c0eb2000-7f77c0fe4000 ---p 00000000 00:00 0 
7f77c0fe4000-7f77c0fef000 rw-p 00000000 00:00 0 
7f77c0fef000-7f77c13a5000 ---p 00000000 00:00 0 
7f77c13a5000-7f77c13bf000 r-xp 00000000 08:02 1723448                    /usr/lib/jvm/java-8-oracle/jre/lib/amd64/libzip.so
7f77c13bf000-7f77c15bf000 ---p 0001a000 08:02 1723448                    /usr/lib/jvm/java-8-oracle/jre/lib/amd64/libzip.so
7f77c15bf000-7f77c15c0000 rw-p 0001a000 08:02 1723448                    /usr/lib/jvm/java-8-oracle/jre/lib/amd64/libzip.so
7f77c15c0000-7f77c1dc5000 r--s 00000000 08:02 663141                     /var/lib/sss/mc/passwd
7f77c1dc5000-7f77c1dcd000 r-xp 00000000 08:02 1831505                    /lib/x86_64-linux-gnu/libnss_sss.so.2
7f77c1dcd000-7f77c1fcc000 ---p 00008000 08:02 1831505                    /lib/x86_64-linux-gnu/libnss_sss.so.2
7f77c1fcc000-7f77c1fcd000 r--p 00007000 08:02 1831505                    /lib/x86_64-linux-gnu/libnss_sss.so.2
7f77c1fcd000-7f77c1fce000 rw-p 00008000 08:02 1831505                    /lib/x86_64-linux-gnu/libnss_sss.so.2
7f77c1fce000-7f77c1fd9000 r-xp 00000000 08:02 1832019                    /lib/x86_64-linux-gnu/libnss_files-2.23.so
7f77c1fd9000-7f77c21d8000 ---p 0000b000 08:02 1832019                    /lib/x86_64-linux-gnu/libnss_files-2.23.so
7f77c21d8000-7f77c21d9000 r--p 0000a000 08:02 1832019                    /lib/x86_64-linux-gnu/libnss_files-2.23.so
7f77c21d9000-7f77c21da000 rw-p 0000b000 08:02 1832019                    /lib/x86_64-linux-gnu/libnss_files-2.23.so
7f77c21da000-7f77c21e0000 rw-p 00000000 00:00 0 
7f77c21e0000-7f77c21eb000 r-xp 00000000 08:02 1832026                    /lib/x86_64-linux-gnu/libnss_nis-2.23.so
7f77c21eb000-7f77c23ea000 ---p 0000b000 08:02 1832026                    /lib/x86_64-linux-gnu/libnss_nis-2.23.so
7f77c23ea000-7f77c23eb000 r--p 0000a000 08:02 1832026                    /lib/x86_64-linux-gnu/libnss_nis-2.23.so
7f77c23eb000-7f77c23ec000 rw-p 0000b000 08:02 1832026                    /lib/x86_64-linux-gnu/libnss_nis-2.23.so
7f77c23ec000-7f77c2402000 r-xp 00000000 08:02 1831977                    /lib/x86_64-linux-gnu/libnsl-2.23.so
7f77c2402000-7f77c2601000 ---p 00016000 08:02 1831977                    /lib/x86_64-linux-gnu/libnsl-2.23.so
7f77c2601000-7f77c2602000 r--p 00015000 08:02 1831977                    /lib/x86_64-linux-gnu/libnsl-2.23.so
7f77c2602000-7f77c2603000 rw-p 00016000 08:02 1831977                    /lib/x86_64-linux-gnu/libnsl-2.23.so
7f77c2603000-7f77c2605000 rw-p 00000000 00:00 0 
7f77c2605000-7f77c260d000 r-xp 00000000 08:02 1832009                    /lib/x86_64-linux-gnu/libnss_compat-2.23.so
7f77c260d000-7f77c280c000 ---p 00008000 08:02 1832009                    /lib/x86_64-linux-gnu/libnss_compat-2.23.so
7f77c280c000-7f77c280d000 r--p 00007000 08:02 1832009                    /lib/x86_64-linux-gnu/libnss_compat-2.23.so
7f77c280d000-7f77c280e000 rw-p 00008000 08:02 1832009                    /lib/x86_64-linux-gnu/libnss_compat-2.23.so
7f77c280e000-7f77c2839000 r-xp 00000000 08:02 1723475                    /usr/lib/jvm/java-8-oracle/jre/lib/amd64/libjava.so
7f77c2839000-7f77c2a38000 ---p 0002b000 08:02 1723475                    /usr/lib/jvm/java-8-oracle/jre/lib/amd64/libjava.so
7f77c2a38000-7f77c2a3a000 rw-p 0002a000 08:02 1723475                    /usr/lib/jvm/java-8-oracle/jre/lib/amd64/libjava.so
7f77c2a3a000-7f77c2a47000 r-xp 00000000 08:02 1723424                    /usr/lib/jvm/java-8-oracle/jre/lib/amd64/libverify.so
7f77c2a47000-7f77c2c46000 ---p 0000d000 08:02 1723424                    /usr/lib/jvm/java-8-oracle/jre/lib/amd64/libverify.so
7f77c2c46000-7f77c2c48000 rw-p 0000c000 08:02 1723424                    /usr/lib/jvm/java-8-oracle/jre/lib/amd64/libverify.so
7f77c2c48000-7f77c2c4f000 r-xp 00000000 08:02 1832027                    /lib/x86_64-linux-gnu/librt-2.23.so
7f77c2c4f000-7f77c2e4e000 ---p 00007000 08:02 1832027                    /lib/x86_64-linux-gnu/librt-2.23.so
7f77c2e4e000-7f77c2e4f000 r--p 00006000 08:02 1832027                    /lib/x86_64-linux-gnu/librt-2.23.so
7f77c2e4f000-7f77c2e50000 rw-p 00007000 08:02 1832027                    /lib/x86_64-linux-gnu/librt-2.23.so
7f77c2e50000-7f77c2f58000 r-xp 00000000 08:02 1831975                    /lib/x86_64-linux-gnu/libm-2.23.so
7f77c2f58000-7f77c3157000 ---p 00108000 08:02 1831975                    /lib/x86_64-linux-gnu/libm-2.23.so
7f77c3157000-7f77c3158000 r--p 00107000 08:02 1831975                    /lib/x86_64-linux-gnu/libm-2.23.so
7f77c3158000-7f77c3159000 rw-p 00108000 08:02 1831975                    /lib/x86_64-linux-gnu/libm-2.23.so
7f77c3159000-7f77c3e26000 r-xp 00000000 08:02 1723479                    /usr/lib/jvm/java-8-oracle/jre/lib/amd64/server/libjvm.so
7f77c3e26000-7f77c4025000 ---p 00ccd000 08:02 1723479                    /usr/lib/jvm/java-8-oracle/jre/lib/amd64/server/libjvm.so
7f77c4025000-7f77c40fe000 rw-p 00ccc000 08:02 1723479                    /usr/lib/jvm/java-8-oracle/jre/lib/amd64/server/libjvm.so
7f77c40fe000-7f77c4149000 rw-p 00000000 00:00 0 
7f77c4149000-7f77c4309000 r-xp 00000000 08:02 1831990                    /lib/x86_64-linux-gnu/libc-2.23.so
7f77c4309000-7f77c4509000 ---p 001c0000 08:02 1831990                    /lib/x86_64-linux-gnu/libc-2.23.so
7f77c4509000-7f77c450d000 r--p 001c0000 08:02 1831990                    /lib/x86_64-linux-gnu/libc-2.23.so
7f77c450d000-7f77c450f000 rw-p 001c4000 08:02 1831990                    /lib/x86_64-linux-gnu/libc-2.23.so
7f77c450f000-7f77c4513000 rw-p 00000000 00:00 0 
7f77c4513000-7f77c4516000 r-xp 00000000 08:02 1831994                    /lib/x86_64-linux-gnu/libdl-2.23.so
7f77c4516000-7f77c4715000 ---p 00003000 08:02 1831994                    /lib/x86_64-linux-gnu/libdl-2.23.so
7f77c4715000-7f77c4716000 r--p 00002000 08:02 1831994                    /lib/x86_64-linux-gnu/libdl-2.23.so
7f77c4716000-7f77c4717000 rw-p 00003000 08:02 1831994                    /lib/x86_64-linux-gnu/libdl-2.23.so
7f77c4717000-7f77c472c000 r-xp 00000000 08:02 1601572                    /usr/lib/jvm/java-8-oracle/lib/amd64/jli/libjli.so
7f77c472c000-7f77c492c000 ---p 00015000 08:02 1601572                    /usr/lib/jvm/java-8-oracle/lib/amd64/jli/libjli.so
7f77c492c000-7f77c492d000 rw-p 00015000 08:02 1601572                    /usr/lib/jvm/java-8-oracle/lib/amd64/jli/libjli.so
7f77c492d000-7f77c4945000 r-xp 00000000 08:02 1831981                    /lib/x86_64-linux-gnu/libpthread-2.23.so
7f77c4945000-7f77c4b44000 ---p 00018000 08:02 1831981                    /lib/x86_64-linux-gnu/libpthread-2.23.so
7f77c4b44000-7f77c4b45000 r--p 00017000 08:02 1831981                    /lib/x86_64-linux-gnu/libpthread-2.23.so
7f77c4b45000-7f77c4b46000 rw-p 00018000 08:02 1831981                    /lib/x86_64-linux-gnu/libpthread-2.23.so
7f77c4b46000-7f77c4b4a000 rw-p 00000000 00:00 0 
7f77c4b4a000-7f77c4b70000 r-xp 00000000 08:02 1831979                    /lib/x86_64-linux-gnu/ld-2.23.so
7f77c4c40000-7f77c4c43000 ---p 00000000 00:00 0 
7f77c4c43000-7f77c4d46000 rw-p 00000000 00:00 0 
7f77c4d65000-7f77c4d6d000 rw-s 00000000 08:02 1702160                    /tmp/hsperfdata_20131836/28420
7f77c4d6d000-7f77c4d6e000 rw-p 00000000 00:00 0 
7f77c4d6e000-7f77c4d6f000 r--p 00000000 00:00 0 
7f77c4d6f000-7f77c4d70000 r--p 00025000 08:02 1831979                    /lib/x86_64-linux-gnu/ld-2.23.so
7f77c4d70000-7f77c4d71000 rw-p 00026000 08:02 1831979                    /lib/x86_64-linux-gnu/ld-2.23.so
7f77c4d71000-7f77c4d72000 rw-p 00000000 00:00 0 
7ffcd23c5000-7ffcd23e6000 rw-p 00000000 00:00 0                          [stack]
7ffcd23f4000-7ffcd23f7000 r--p 00000000 00:00 0                          [vvar]
7ffcd23f7000-7ffcd23f9000 r-xp 00000000 00:00 0                          [vdso]
ffffffffff600000-ffffffffff601000 r-xp 00000000 00:00 0                  [vsyscall]

VM Arguments:
jvm_args: -ea -Dfile.encoding=UTF-8 
java_command: org.eclipse.jdt.internal.junit.runner.RemoteTestRunner -version 3 -port 33842 -testLoaderClass org.eclipse.jdt.internal.junit4.runner.JUnit4TestLoader -loaderpluginname org.eclipse.jdt.junit4.runtime -classNames za.ac.sun.cs.green.service.simplify.SimplificationConstantPropogationTest
java_class_path (initial): /home/20131836/RW344/green/bin:/home/20131836/RW344/green/lib/apfloat.jar:/home/20131836/RW344/green/lib/choco-solver-2.1.3.jar:/home/20131836/RW344/green/lib/slf4j-api-1.7.12.jar:/home/20131836/RW344/green/lib/choco-solver-3.3.1.jar:/home/20131836/RW344/green/lib/com.microsoft.z3.jar:/home/20131836/RW344/green/lib/commons-exec-1.2.jar:/home/20131836/RW344/green/lib/jedis-2.0.0.jar:/home/20131836/RW344/green/lib/junit_4.8.2.jar:/home/20131836/RW344/green/lib/libcvc3.jar:/home/20131836/RW344/green/lib/org.hamcrest.core_1.1.0.jar:/home/20131836/RW344/green/lib/slf4j-simple-1.7.12.jar:/home/20131836/RW344/green/lib/trove-3.1a1.jar:/home/20131836/.eclipse/org.eclipse.platform_4.6.1_1473617060_linux_gtk_x86_64/configuration/org.eclipse.osgi/388/0/.cp/:/home/20131836/.eclipse/org.eclipse.platform_4.6.1_1473617060_linux_gtk_x86_64/configuration/org.eclipse.osgi/387/0/.cp/
Launcher Type: SUN_STANDARD

Environment Variables:
JAVA_HOME=/usr/lib/jvm/java-8-oracle
PATH=/usr/local/sbin:/usr/local/bin:/usr/sbin:/usr/bin:/sbin:/bin:/usr/games:/usr/local/games:/snap/bin:/usr/lib/jvm/java-8-oracle/bin:/usr/lib/jvm/java-8-oracle/db/bin:/usr/lib/jvm/java-8-oracle/jre/bin:/opt/openmpi-2.1.2/.openmpi/bin
LD_LIBRARY_PATH=:/opt/openmpi-2.1.2/.openmpi/lib/
SHELL=/bin/bash
DISPLAY=:0

Signal Handlers:
SIGSEGV: [libjvm.so+0xac64b0], sa_mask[0]=11111111011111111101111111111110, sa_flags=SA_RESTART|SA_SIGINFO
SIGBUS: [libjvm.so+0xac64b0], sa_mask[0]=11111111011111111101111111111110, sa_flags=SA_RESTART|SA_SIGINFO
SIGFPE: [libjvm.so+0x91f950], sa_mask[0]=11111111011111111101111111111110, sa_flags=SA_RESTART|SA_SIGINFO
SIGPIPE: [libjvm.so+0x91f950], sa_mask[0]=11111111011111111101111111111110, sa_flags=SA_RESTART|SA_SIGINFO
SIGXFSZ: [libjvm.so+0x91f950], sa_mask[0]=11111111011111111101111111111110, sa_flags=SA_RESTART|SA_SIGINFO
SIGILL: [libjvm.so+0x91f950], sa_mask[0]=11111111011111111101111111111110, sa_flags=SA_RESTART|SA_SIGINFO
SIGUSR1: SIG_DFL, sa_mask[0]=00000000000000000000000000000000, sa_flags=none
SIGUSR2: [libjvm.so+0x920f80], sa_mask[0]=00100000000000000000000000000000, sa_flags=SA_RESTART|SA_SIGINFO
SIGHUP: SIG_DFL, sa_mask[0]=00000000000000000000000000000000, sa_flags=none
SIGINT: SIG_DFL, sa_mask[0]=00000000000000000000000000000000, sa_flags=none
SIGTERM: SIG_DFL, sa_mask[0]=00000000000000000000000000000000, sa_flags=none
SIGQUIT: SIG_DFL, sa_mask[0]=00000000000000000000000000000000, sa_flags=none


---------------  S Y S T E M  ---------------

OS:DISTRIB_ID=Ubuntu
DISTRIB_RELEASE=16.04
DISTRIB_CODENAME=xenial
DISTRIB_DESCRIPTION="Ubuntu 16.04.4 LTS"

uname:Linux 4.4.0-130-generic #156-Ubuntu SMP Thu Jun 14 08:53:28 UTC 2018 x86_64
libc:glibc 2.23 NPTL 2.23 
rlimit: STACK 8192k, CORE 0k, NPROC 31180, NOFILE 1048576, AS infinity
load average:0.35 0.40 0.39

/proc/meminfo:
MemTotal:        8023112 kB
MemFree:          126136 kB
MemAvailable:      22328 kB
Buffers:             772 kB
Cached:           527392 kB
SwapCached:            0 kB
Active:          7212024 kB
Inactive:         497828 kB
Active(anon):    7196820 kB
Inactive(anon):   483356 kB
Active(file):      15204 kB
Inactive(file):    14472 kB
Unevictable:          96 kB
Mlocked:              96 kB
SwapTotal:             0 kB
SwapFree:              0 kB
Dirty:                20 kB
Writeback:             0 kB
AnonPages:       7182084 kB
Mapped:           222280 kB
Shmem:            498188 kB
Slab:              73788 kB
SReclaimable:      32268 kB
SUnreclaim:        41520 kB
KernelStack:       11424 kB
PageTables:        54360 kB
NFS_Unstable:          0 kB
Bounce:                0 kB
WritebackTmp:          0 kB
CommitLimit:     4011556 kB
Committed_AS:    8563092 kB
VmallocTotal:   34359738367 kB
VmallocUsed:           0 kB
VmallocChunk:          0 kB
HardwareCorrupted:     0 kB
AnonHugePages:         0 kB
CmaTotal:              0 kB
CmaFree:               0 kB
HugePages_Total:       0
HugePages_Free:        0
HugePages_Rsvd:        0
HugePages_Surp:        0
Hugepagesize:       2048 kB
DirectMap4k:      153388 kB
DirectMap2M:     4937728 kB
DirectMap1G:     4194304 kB


CPU:total 4 (4 cores per cpu, 1 threads per core) family 6 model 158 stepping 9, cmov, cx8, fxsr, mmx, sse, sse2, sse3, ssse3, sse4.1, sse4.2, popcnt, avx, avx2, aes, clmul, erms, rtm, 3dnowpref, lzcnt, tsc, tscinvbit, bmi1, bmi2, adx

/proc/cpuinfo:
processor	: 0
vendor_id	: GenuineIntel
cpu family	: 6
model		: 158
model name	: Intel(R) Core(TM) i5-7500 CPU @ 3.40GHz
stepping	: 9
microcode	: 0x84
cpu MHz		: 1195.445
cache size	: 6144 KB
physical id	: 0
siblings	: 4
core id		: 0
cpu cores	: 4
apicid		: 0
initial apicid	: 0
fpu		: yes
fpu_exception	: yes
cpuid level	: 22
wp		: yes
flags		: fpu vme de pse tsc msr pae mce cx8 apic sep mtrr pge mca cmov pat pse36 clflush dts acpi mmx fxsr sse sse2 ss ht tm pbe syscall nx pdpe1gb rdtscp lm constant_tsc art arch_perfmon pebs bts rep_good nopl xtopology nonstop_tsc aperfmperf eagerfpu pni pclmulqdq dtes64 monitor ds_cpl vmx smx est tm2 ssse3 sdbg fma cx16 xtpr pdcm pcid sse4_1 sse4_2 x2apic movbe popcnt tsc_deadline_timer aes xsave avx f16c rdrand lahf_lm abm 3dnowprefetch epb invpcid_single intel_pt ibrs ibpb stibp kaiser tpr_shadow vnmi flexpriority ept vpid fsgsbase tsc_adjust bmi1 hle avx2 smep bmi2 erms invpcid rtm mpx rdseed adx smap clflushopt xsaveopt xsavec xgetbv1 dtherm ida arat pln pts hwp hwp_notify hwp_act_window hwp_epp
bugs		: cpu_meltdown spectre_v1 spectre_v2 spec_store_bypass
bogomips	: 6816.14
clflush size	: 64
cache_alignment	: 64
address sizes	: 39 bits physical, 48 bits virtual
power management:

processor	: 1
vendor_id	: GenuineIntel
cpu family	: 6
model		: 158
model name	: Intel(R) Core(TM) i5-7500 CPU @ 3.40GHz
stepping	: 9
microcode	: 0x84
cpu MHz		: 1196.109
cache size	: 6144 KB
physical id	: 0
siblings	: 4
core id		: 1
cpu cores	: 4
apicid		: 2
initial apicid	: 2
fpu		: yes
fpu_exception	: yes
cpuid level	: 22
wp		: yes
flags		: fpu vme de pse tsc msr pae mce cx8 apic sep mtrr pge mca cmov pat pse36 clflush dts acpi mmx fxsr sse sse2 ss ht tm pbe syscall nx pdpe1gb rdtscp lm constant_tsc art arch_perfmon pebs bts rep_good nopl xtopology nonstop_tsc aperfmperf eagerfpu pni pclmulqdq dtes64 monitor ds_cpl vmx smx est tm2 ssse3 sdbg fma cx16 xtpr pdcm pcid sse4_1 sse4_2 x2apic movbe popcnt tsc_deadline_timer aes xsave avx f16c rdrand lahf_lm abm 3dnowprefetch epb invpcid_single intel_pt ibrs ibpb stibp kaiser tpr_shadow vnmi flexpriority ept vpid fsgsbase tsc_adjust bmi1 hle avx2 smep bmi2 erms invpcid rtm mpx rdseed adx smap clflushopt xsaveopt xsavec xgetbv1 dtherm ida arat pln pts hwp hwp_notify hwp_act_window hwp_epp
bugs		: cpu_meltdown spectre_v1 spectre_v2 spec_store_bypass
bogomips	: 6816.14
clflush size	: 64
cache_alignment	: 64
address sizes	: 39 bits physical, 48 bits virtual
power management:

processor	: 2
vendor_id	: GenuineIntel
cpu family	: 6
model		: 158
model name	: Intel(R) Core(TM) i5-7500 CPU @ 3.40GHz
stepping	: 9
microcode	: 0x84
cpu MHz		: 1239.007
cache size	: 6144 KB
physical id	: 0
siblings	: 4
core id		: 2
cpu cores	: 4
apicid		: 4
initial apicid	: 4
fpu		: yes
fpu_exception	: yes
cpuid level	: 22
wp		: yes
flags		: fpu vme de pse tsc msr pae mce cx8 apic sep mtrr pge mca cmov pat pse36 clflush dts acpi mmx fxsr sse sse2 ss ht tm pbe syscall nx pdpe1gb rdtscp lm constant_tsc art arch_perfmon pebs bts rep_good nopl xtopology nonstop_tsc aperfmperf eagerfpu pni pclmulqdq dtes64 monitor ds_cpl vmx smx est tm2 ssse3 sdbg fma cx16 xtpr pdcm pcid sse4_1 sse4_2 x2apic movbe popcnt tsc_deadline_timer aes xsave avx f16c rdrand lahf_lm abm 3dnowprefetch epb invpcid_single intel_pt ibrs ibpb stibp kaiser tpr_shadow vnmi flexpriority ept vpid fsgsbase tsc_adjust bmi1 hle avx2 smep bmi2 erms invpcid rtm mpx rdseed adx smap clflushopt xsaveopt xsavec xgetbv1 dtherm ida arat pln pts hwp hwp_notify hwp_act_window hwp_epp
bugs		: cpu_meltdown spectre_v1 spectre_v2 spec_store_bypass
bogomips	: 6816.14
clflush size	: 64
cache_alignment	: 64
address sizes	: 39 bits physical, 48 bits virtual
power management:

processor	: 3
vendor_id	: GenuineIntel
cpu family	: 6
model		: 158
model name	: Intel(R) Core(TM) i5-7500 CPU @ 3.40GHz
stepping	: 9
microcode	: 0x84
cpu MHz		: 1229.843
cache size	: 6144 KB
physical id	: 0
siblings	: 4
core id		: 3
cpu cores	: 4
apicid		: 6
initial apicid	: 6
fpu		: yes
fpu_exception	: yes
cpuid level	: 22
wp		: yes
flags		: fpu vme de pse tsc msr pae mce cx8 apic sep mtrr pge mca cmov pat pse36 clflush dts acpi mmx fxsr sse sse2 ss ht tm pbe syscall nx pdpe1gb rdtscp lm constant_tsc art arch_perfmon pebs bts rep_good nopl xtopology nonstop_tsc aperfmperf eagerfpu pni pclmulqdq dtes64 monitor ds_cpl vmx smx est tm2 ssse3 sdbg fma cx16 xtpr pdcm pcid sse4_1 sse4_2 x2apic movbe popcnt tsc_deadline_timer aes xsave avx f16c rdrand lahf_lm abm 3dnowprefetch epb invpcid_single intel_pt ibrs ibpb stibp kaiser tpr_shadow vnmi flexpriority ept vpid fsgsbase tsc_adjust bmi1 hle avx2 smep bmi2 erms invpcid rtm mpx rdseed adx smap clflushopt xsaveopt xsavec xgetbv1 dtherm ida arat pln pts hwp hwp_notify hwp_act_window hwp_epp
bugs		: cpu_meltdown spectre_v1 spectre_v2 spec_store_bypass
bogomips	: 6816.14
clflush size	: 64
cache_alignment	: 64
address sizes	: 39 bits physical, 48 bits virtual
power management:



Memory: 4k page, physical 8023112k(126136k free), swap 0k(0k free)

vm_info: Java HotSpot(TM) 64-Bit Server VM (25.111-b14) for linux-amd64 JRE (1.8.0_111-b14), built on Sep 22 2016 16:14:03 by "java_re" with gcc 4.3.0 20080428 (Red Hat 4.3.0-8)

time: Mon Aug 13 21:29:51 2018
elapsed time: 0 seconds (0d 0h 0m 0s)

